framework_view/build/outputs/logs/manifest-merger-debug-report.txt
-- Merging decision tree log ---
manifest
ADDED from Engagement/framework_view/AndroidManifest.xml:1:1-10:12
INJECTED from Engagement/framework_view/AndroidManifest.xml:1:1-10:12
INJECTED from Engagement/framework_view/AndroidManifest.xml:1:1-10:12
INJECTED from Engagement/framework_view/AndroidManifest.xml:1:1-10:12
INJECTED from Engagement/framework_view/AndroidManifest.xml:1:1-10:12
INJECTED from Engagement/framework_view/AndroidManifest.xml:1:1-10:12
INJECTED from Engagement/framework_view/AndroidManifest.xml:1:1-10:12
	package
		ADDED from Engagement/framework_view/AndroidManifest.xml:2:1-24
		INJECTED from Engagement/framework_view/AndroidManifest.xml
		INJECTED from Engagement/framework_view/AndroidManifest.xml
	android:versionName
		ADDED from Engagement/framework_view/AndroidManifest.xml:4:1-26
		INJECTED from Engagement/framework_view/AndroidManifest.xml
		INJECTED from Engagement/framework_view/AndroidManifest.xml
	xmlns:android
		ADDED from Engagement/framework_view/AndroidManifest.xml:1:11-69
	android:versionCode
		ADDED from Engagement/framework_view/AndroidManifest.xml:3:1-24
		INJECTED from Engagement/framework_view/AndroidManifest.xml
		INJECTED from Engagement/framework_view/AndroidManifest.xml
uses-sdk
ADDED from Engagement/framework_view/AndroidManifest.xml:6:1-8:37
	android:targetSdkVersion
		ADDED from Engagement/framework_view/AndroidManifest.xml:8:5-34
	android:minSdkVersion
		ADDED from Engagement/framework_view/AndroidManifest.xml:7:5-31